<?xml version="1.0" encoding="UTF-8"?>
<!-- Generated by org.testng.reporters.JUnitReportReporter -->
<testsuite hostname="DESKTOP-LFTFPBD" failures="0" tests="5" name="com.TestNG.Annotations3" time="0.023" errors="0" timestamp="2024-02-21T17:05:04 IST" skipped="1">
  <testcase classname="com.TestNG.Annotations3" name="gmailLogInTest" time="0.007"/>
  <system-out/>
  <testcase classname="com.TestNG.Annotations3" name="GmailInBoxTest" time="0.003"/>
  <system-out/>
  <testcase classname="com.TestNG.Annotations3" name="gmailComposeMailTest" time="0.010"/>
  <system-out/>
  <testcase classname="com.TestNG.Annotations3" name="GmailSentMailTest" time="0.003"/>
  <system-out/>
  <testcase classname="com.TestNG.Annotations3" name="GmaildraftsMailTest">
    <skipped/>
  </testcase> <!-- GmaildraftsMailTest -->
  <system-out/>
</testsuite> <!-- com.TestNG.Annotations3 -->
