<?xml version="1.0" encoding="UTF-8"?>
<!-- Generated by org.testng.reporters.JUnitReportReporter -->
<testsuite hostname="DESKTOP-LFTFPBD" failures="0" tests="2" name="com.CapturingScreenShotTestNG.TSRTC_CapturingScreenshot" time="0.926" errors="0" timestamp="2024-02-22T12:28:30 IST" skipped="0">
  <testcase classname="com.CapturingScreenShotTestNG.TSRTC_CapturingScreenshot" name="bing_CapturingScreenShot" time="0.914"/>
  <system-out/>
  <testcase classname="com.CapturingScreenShotTestNG.TSRTC_CapturingScreenshot" name="hello" time="0.012"/>
  <system-out/>
</testsuite> <!-- com.CapturingScreenShotTestNG.TSRTC_CapturingScreenshot -->
