<?xml version="1.0" encoding="UTF-8"?>
<!-- Generated by org.testng.reporters.JUnitReportReporter -->
<testsuite hostname="DESKTOP-LFTFPBD" failures="0" tests="1" name="com.TSRTC.TSRTC_BaseTest" time="0.009" errors="0" timestamp="2024-03-02T15:40:58 IST" skipped="0">
  <testcase classname="com.TSRTC.TSRTC_BaseTest" name="hello" time="0.009"/>
  <system-out/>
</testsuite> <!-- com.TSRTC.TSRTC_BaseTest -->
