<?xml version="1.0" encoding="UTF-8"?>
<!-- Generated by org.testng.reporters.JUnitReportReporter -->
<testsuite hostname="DESKTOP-LFTFPBD" failures="0" tests="1" name="com.TSRTC.BaseTest" time="0.009" errors="0" timestamp="2024-02-22T12:42:55 IST" skipped="0">
  <testcase classname="com.TSRTC.BaseTest" name="hello" time="0.009"/>
  <system-out/>
</testsuite> <!-- com.TSRTC.BaseTest -->
