<?xml version="1.0" encoding="UTF-8"?>
<!-- Generated by org.testng.reporters.JUnitReportReporter -->
<testsuite hostname="DESKTOP-LFTFPBD" failures="0" tests="1" name="com.CapturingScreenShotTestNG.BaseTest" time="0.011" errors="0" timestamp="2024-02-22T10:58:55 IST" skipped="0">
  <testcase classname="com.CapturingScreenShotTestNG.BaseTest" name="hello" time="0.011"/>
  <system-out/>
</testsuite> <!-- com.CapturingScreenShotTestNG.BaseTest -->
