<?xml version="1.0" encoding="UTF-8"?>
<!-- Generated by org.testng.reporters.JUnitReportReporter -->
<testsuite hostname="DESKTOP-LFTFPBD" failures="0" tests="1" name="com.TSRTC_TestNG.TSRTC_HomeLink_Screenshot" time="2.041" errors="0" timestamp="2024-02-23T11:29:52 IST" skipped="0">
  <testcase classname="com.TSRTC_TestNG.TSRTC_HomeLink_Screenshot" name="HomeLink_Screenshot" time="2.041"/>
  <system-out/>
</testsuite> <!-- com.TSRTC_TestNG.TSRTC_HomeLink_Screenshot -->
