<?xml version="1.0" encoding="UTF-8"?>
<!-- Generated by org.testng.reporters.JUnitReportReporter -->
<testsuite hostname="DESKTOP-LFTFPBD" failures="0" tests="5" name="com.TestNG.Annotations2" time="0.012" errors="0" timestamp="2024-02-21T17:00:54 IST" skipped="1">
  <testcase classname="com.TestNG.Annotations2" name="gmailLogInTest" time="0.006"/>
  <system-out/>
  <testcase classname="com.TestNG.Annotations2" name="GmailInBoxTest" time="0.002"/>
  <system-out/>
  <testcase classname="com.TestNG.Annotations2" name="gmailComposeMailTest" time="0.002"/>
  <system-out/>
  <testcase classname="com.TestNG.Annotations2" name="GmailSentMailTest" time="0.002"/>
  <system-out/>
  <testcase classname="com.TestNG.Annotations2" name="GmaildraftsMailTest">
    <skipped/>
  </testcase> <!-- GmaildraftsMailTest -->
  <system-out/>
</testsuite> <!-- com.TestNG.Annotations2 -->
