<?xml version="1.0" encoding="UTF-8"?>
<!-- Generated by org.testng.reporters.JUnitReportReporter -->
<testsuite hostname="DESKTOP-LFTFPBD" failures="0" tests="1" name="com.CapturingScreenShotTestNG.BingHomePageScreenShot" time="1.792" errors="0" timestamp="2024-02-22T16:38:12 IST" skipped="0">
  <testcase classname="com.CapturingScreenShotTestNG.BingHomePageScreenShot" name="bing_CapturingScreenshot" time="1.792"/>
  <system-out/>
</testsuite> <!-- com.CapturingScreenShotTestNG.BingHomePageScreenShot -->
