<?xml version="1.0" encoding="UTF-8"?>
<!-- Generated by org.testng.reporters.JUnitReportReporter -->
<testsuite hostname="DESKTOP-LFTFPBD" failures="0" tests="2" name="com.CapturingScreenShotTestNG.bing_CapturingScreenshot" time="0.944" errors="0" timestamp="2024-02-22T12:35:04 IST" skipped="0">
  <testcase classname="com.CapturingScreenShotTestNG.bing_CapturingScreenshot" name="bing_CapturingScreenShot" time="0.919"/>
  <system-out/>
  <testcase classname="com.CapturingScreenShotTestNG.bing_CapturingScreenshot" name="hello" time="0.025"/>
  <system-out/>
</testsuite> <!-- com.CapturingScreenShotTestNG.bing_CapturingScreenshot -->
